mode: atomic
gopkg.in/DataDog/dd-trace-go.v1/contrib/urfave/negroni/negroni.go:28.102,37.38 2 15
gopkg.in/DataDog/dd-trace-go.v1/contrib/urfave/negroni/negroni.go:40.2,40.85 1 15
gopkg.in/DataDog/dd-trace-go.v1/contrib/urfave/negroni/negroni.go:43.2,54.33 9 15
gopkg.in/DataDog/dd-trace-go.v1/contrib/urfave/negroni/negroni.go:37.38,39.3 1 3
gopkg.in/DataDog/dd-trace-go.v1/contrib/urfave/negroni/negroni.go:40.85,42.3 1 2
gopkg.in/DataDog/dd-trace-go.v1/contrib/urfave/negroni/negroni.go:54.33,57.3 1 2
gopkg.in/DataDog/dd-trace-go.v1/contrib/urfave/negroni/negroni.go:61.52,64.26 3 15
gopkg.in/DataDog/dd-trace-go.v1/contrib/urfave/negroni/negroni.go:67.2,73.11 3 15
gopkg.in/DataDog/dd-trace-go.v1/contrib/urfave/negroni/negroni.go:64.26,66.3 1 13
gopkg.in/DataDog/dd-trace-go.v1/contrib/urfave/negroni/option.go:27.28,29.50 2 15
gopkg.in/DataDog/dd-trace-go.v1/contrib/urfave/negroni/option.go:32.2,32.67 1 15
gopkg.in/DataDog/dd-trace-go.v1/contrib/urfave/negroni/option.go:37.2,37.35 1 15
gopkg.in/DataDog/dd-trace-go.v1/contrib/urfave/negroni/option.go:29.50,31.3 1 1
gopkg.in/DataDog/dd-trace-go.v1/contrib/urfave/negroni/option.go:32.67,34.3 1 0
gopkg.in/DataDog/dd-trace-go.v1/contrib/urfave/negroni/option.go:34.8,36.3 1 15
gopkg.in/DataDog/dd-trace-go.v1/contrib/urfave/negroni/option.go:41.42,42.27 1 8
gopkg.in/DataDog/dd-trace-go.v1/contrib/urfave/negroni/option.go:42.27,44.3 1 8
gopkg.in/DataDog/dd-trace-go.v1/contrib/urfave/negroni/option.go:49.62,50.27 1 1
gopkg.in/DataDog/dd-trace-go.v1/contrib/urfave/negroni/option.go:50.27,52.3 1 1
gopkg.in/DataDog/dd-trace-go.v1/contrib/urfave/negroni/option.go:56.36,57.27 1 2
gopkg.in/DataDog/dd-trace-go.v1/contrib/urfave/negroni/option.go:57.27,58.9 1 2
gopkg.in/DataDog/dd-trace-go.v1/contrib/urfave/negroni/option.go:58.9,60.4 1 1
gopkg.in/DataDog/dd-trace-go.v1/contrib/urfave/negroni/option.go:60.9,62.4 1 1
gopkg.in/DataDog/dd-trace-go.v1/contrib/urfave/negroni/option.go:68.45,69.27 1 1
gopkg.in/DataDog/dd-trace-go.v1/contrib/urfave/negroni/option.go:69.27,70.33 1 1
gopkg.in/DataDog/dd-trace-go.v1/contrib/urfave/negroni/option.go:70.33,72.4 1 1
gopkg.in/DataDog/dd-trace-go.v1/contrib/urfave/negroni/option.go:72.9,74.4 1 0
gopkg.in/DataDog/dd-trace-go.v1/contrib/urfave/negroni/option.go:80.59,81.27 1 1
gopkg.in/DataDog/dd-trace-go.v1/contrib/urfave/negroni/option.go:81.27,83.3 1 1
gopkg.in/DataDog/dd-trace-go.v1/contrib/urfave/negroni/option.go:86.41,88.2 1 14
